<?xml version="1.0" encoding="UTF-8"?>
<!-- Generated by org.testng.reporters.JUnitReportReporter -->
<testsuite hostname="WKWIN6219675" failures="0" tests="2" name="com.saudhing.cucumber.qedge.runners.QEdgeRunner" time="131.329" errors="0" timestamp="2022-05-22T19:27:48 IST" skipped="0">
  <testcase classname="com.saudhing.cucumber.qedge.runners.QEdgeRunner" name="feature" time="22.179"/>
  <system-out/>
  <testcase classname="com.saudhing.cucumber.qedge.runners.QEdgeRunner" name="feature" time="109.150"/>
  <system-out/>
</testsuite> <!-- com.saudhing.cucumber.qedge.runners.QEdgeRunner -->
